<?xml version="1.0" encoding="UTF-8"?>
<!-- Generated by org.testng.reporters.JUnitReportReporter -->
<testsuite hostname="LAPTOP-MQBS94J1" failures="0" tests="1" name="frameworkDesign.cucumber.TestNGTestRunner" time="5.900" errors="0" timestamp="2025-03-20T13:40:33 IST" skipped="0">
  <testcase classname="frameworkDesign.cucumber.TestNGTestRunner" name="runScenario" time="5.900"/>
</testsuite> <!-- frameworkDesign.cucumber.TestNGTestRunner -->
