<?xml version="1.0" encoding="UTF-8"?>
<!-- Generated by org.testng.reporters.JUnitReportReporter -->
<testsuite hostname="LAPTOP-MQBS94J1" failures="0" tests="1" name="frameworkDesign.data.dataReader" time="0.009" errors="0" timestamp="2025-03-18T15:58:59 IST" skipped="0">
  <testcase classname="frameworkDesign.data.dataReader" name="getJsonDataToHashMap" time="0.009"/>
</testsuite> <!-- frameworkDesign.data.dataReader -->
