<?xml version="1.0" encoding="UTF-8"?>
<!-- Generated by org.testng.reporters.JUnitReportReporter -->
<testsuite hostname="LAPTOP-MQBS94J1" failures="0" tests="1" name="frameworkDesign.Tests.ExtentReportDemo" time="3.077" errors="0" timestamp="2025-03-18T17:20:08 IST" skipped="0">
  <testcase classname="frameworkDesign.Tests.ExtentReportDemo" name="initialDemo" time="3.077"/>
</testsuite> <!-- frameworkDesign.Tests.ExtentReportDemo -->
