<?xml version="1.0" encoding="UTF-8"?>
<!-- Generated by org.testng.reporters.JUnitReportReporter -->
<testsuite hostname="LAPTOP-MQBS94J1" failures="0" tests="2" name="frameworkDesign.Tests.StandAloneTest" time="20.039" errors="0" timestamp="2025-03-18T21:30:50 IST" skipped="0">
  <testcase classname="frameworkDesign.Tests.StandAloneTest" name="checkOrderHistory" time="5.882"/>
  <testcase classname="frameworkDesign.Tests.StandAloneTest" name="standAloneTest" time="14.157"/>
</testsuite> <!-- frameworkDesign.Tests.StandAloneTest -->
