<?xml version="1.0" encoding="UTF-8"?>
<!-- Generated by org.testng.reporters.JUnitReportReporter -->
<testsuite hostname="LAPTOP-MQBS94J1" failures="0" tests="2" name="frameworkDesign.Tests.ErrorValidation" time="15.924" errors="0" timestamp="2025-03-18T13:42:21 IST" skipped="0">
  <testcase classname="frameworkDesign.Tests.ErrorValidation" name="loginErrorValidation" time="7.700"/>
  <testcase classname="frameworkDesign.Tests.ErrorValidation" name="productErrorValidation" time="8.224"/>
</testsuite> <!-- frameworkDesign.Tests.ErrorValidation -->
