<?xml version="1.0" encoding="UTF-8"?>
<!-- Generated by org.testng.reporters.JUnitReportReporter -->
<testsuite hostname="LAPTOP-MQBS94J1" failures="0" tests="1" name="frameworkDesign.Tests.ErrorValidation" time="6.581" errors="0" timestamp="2025-03-18T12:54:52 IST" skipped="0">
  <testcase classname="frameworkDesign.Tests.ErrorValidation" name="errorValidation" time="6.581"/>
</testsuite> <!-- frameworkDesign.Tests.ErrorValidation -->
