<?xml version="1.0" encoding="UTF-8"?>
<!-- Generated by org.testng.reporters.JUnitReportReporter -->
<testsuite hostname="LAPTOP-MQBS94J1" failures="0" tests="2" name="frameworkDesign.Tests.StandAloneTest" time="20.969" errors="0" timestamp="2025-03-21T11:01:42 IST" skipped="0">
  <testcase classname="frameworkDesign.Tests.StandAloneTest" name="checkOrderHistory" time="7.122"/>
  <testcase classname="frameworkDesign.Tests.StandAloneTest" name="standAloneTest" time="13.847"/>
</testsuite> <!-- frameworkDesign.Tests.StandAloneTest -->
