<?xml version="1.0" encoding="UTF-8"?>
<!-- Generated by org.testng.reporters.JUnitReportReporter -->
<testsuite hostname="LAPTOP-MQBS94J1" failures="0" tests="2" name="frameworkDesign.Tests.ErrorValidationTest" time="23.422" errors="0" timestamp="2025-03-21T11:01:42 IST" skipped="0">
  <testcase classname="frameworkDesign.Tests.ErrorValidationTest" name="loginErrorValidation" time="7.194"/>
  <testcase classname="frameworkDesign.Tests.ErrorValidationTest" name="productErrorValidation" time="16.228"/>
</testsuite> <!-- frameworkDesign.Tests.ErrorValidationTest -->
